<?xml version="1.0" encoding="UTF-8"?>
<testng-results ignored="0" total="1" passed="1" failed="0" skipped="0">
  <reporter-output>
    <line>
      <![CDATA[Opening  Ajio]]>
    </line>
  </reporter-output>
  <suite started-at="2023-09-03T14:06:40 IST" name="Suite" finished-at="2023-09-03T14:07:05 IST" duration-ms="24800">
    <groups>
    </groups>
    <test started-at="2023-09-03T14:06:40 IST" name="Test" finished-at="2023-09-03T14:07:05 IST" duration-ms="24800">
      <class name="login.AjiologinTest">
        <test-method signature="AjioTest()[pri:0, instance:login.AjiologinTest@20ce78ec]" started-at="2023-09-03T14:06:40 IST" name="AjioTest" finished-at="2023-09-03T14:07:05 IST" duration-ms="24741" status="PASS">
          <reporter-output>
            <line>
              <![CDATA[Opening  Ajio]]>
            </line>
          </reporter-output>
        </test-method> <!-- AjioTest -->
      </class> <!-- login.AjiologinTest -->
    </test> <!-- Test -->
  </suite> <!-- Suite -->
</testng-results>
