<?xml version="1.0" encoding="UTF-8"?>
<testng-results ignored="0" total="1" passed="1" failed="0" skipped="0">
  <reporter-output>
    <line>
      <![CDATA[Opening  Ajio]]>
    </line>
  </reporter-output>
  <suite started-at="2023-09-03T11:43:21 IST" name="Default suite" finished-at="2023-09-03T11:43:57 IST" duration-ms="35903">
    <groups>
    </groups>
    <test started-at="2023-09-03T11:43:21 IST" name="Default test" finished-at="2023-09-03T11:43:57 IST" duration-ms="35903">
      <class name="login.AjiologinTest">
        <test-method signature="AjioTest()[pri:0, instance:login.AjiologinTest@409bf450]" started-at="2023-09-03T11:43:21 IST" name="AjioTest" finished-at="2023-09-03T11:43:57 IST" duration-ms="35814" status="PASS">
          <reporter-output>
            <line>
              <![CDATA[Opening  Ajio]]>
            </line>
          </reporter-output>
        </test-method> <!-- AjioTest -->
      </class> <!-- login.AjiologinTest -->
    </test> <!-- Default test -->
  </suite> <!-- Default suite -->
</testng-results>
